  icy tower.cpp
C:\icy tower\icy tower\icy tower.cpp(62,45): warning C4244: 'argument': conversion from 'T' to 'float', possible loss of data
          with
          [
              T=unsigned int
          ]
C:\icy tower\icy tower\icy tower.cpp(67,45): warning C4244: 'argument': conversion from 'T' to 'float', possible loss of data
          with
          [
              T=unsigned int
          ]
C:\icy tower\icy tower\icy tower.cpp(94,20): warning C4018: '<': signed/unsigned mismatch
C:\icy tower\icy tower\icy tower.cpp(106,69): warning C4244: 'argument': conversion from 'T' to 'float', possible loss of data
          with
          [
              T=unsigned int
          ]
C:\icy tower\icy tower\icy tower.cpp(106,42): warning C4244: 'argument': conversion from 'T' to 'float', possible loss of data
          with
          [
              T=unsigned int
          ]
C:\icy tower\icy tower\icy tower.cpp(185,21): warning C4018: '<': signed/unsigned mismatch
C:\icy tower\icy tower\icy tower.cpp(188,54): warning C4244: '+=': conversion from 'T' to 'int', possible loss of data
          with
          [
              T=float
          ]
C:\icy tower\icy tower\icy tower.cpp(208,42): warning C4244: 'argument': conversion from 'int' to 'float', possible loss of data
C:\icy tower\icy tower\icy tower.cpp(220,22): warning C4018: '<': signed/unsigned mismatch
C:\icy tower\icy tower\icy tower.cpp(229,58): warning C4244: 'argument': conversion from 'int' to 'float', possible loss of data
C:\icy tower\icy tower\icy tower.cpp(229,25): warning C4244: 'argument': conversion from 'int' to 'float', possible loss of data
C:\icy tower\icy tower\icy tower.cpp(230,58): warning C4244: 'argument': conversion from 'int' to 'float', possible loss of data
C:\icy tower\icy tower\icy tower.cpp(230,25): warning C4244: 'argument': conversion from 'int' to 'float', possible loss of data
C:\icy tower\icy tower\icy tower.cpp(231,60): warning C4244: 'argument': conversion from 'int' to 'float', possible loss of data
C:\icy tower\icy tower\icy tower.cpp(231,27): warning C4244: 'argument': conversion from 'int' to 'float', possible loss of data
C:\icy tower\icy tower\icy tower.cpp(291,31): warning C4244: 'argument': conversion from 'int' to 'float', possible loss of data
C:\icy tower\icy tower\icy tower.cpp(291,20): warning C4244: 'argument': conversion from 'int' to 'float', possible loss of data
C:\icy tower\icy tower\icy tower.cpp(526,33): warning C4305: 'initializing': truncation from 'double' to 'float'
C:\icy tower\icy tower\icy tower.cpp(540,49): warning C4244: 'argument': conversion from 'T' to 'float', possible loss of data
          with
          [
              T=unsigned int
          ]
C:\icy tower\icy tower\icy tower.cpp(550,46): warning C4244: 'argument': conversion from 'T' to 'float', possible loss of data
          with
          [
              T=unsigned int
          ]
C:\icy tower\icy tower\icy tower.cpp(560,52): warning C4244: 'argument': conversion from 'T' to 'float', possible loss of data
          with
          [
              T=unsigned int
          ]
C:\icy tower\icy tower\icy tower.cpp(754,33): warning C4305: 'argument': truncation from 'double' to 'T'
          with
          [
              T=float
          ]
C:\icy tower\icy tower\icy tower.cpp(756,32): warning C4305: 'argument': truncation from 'double' to 'T'
          with
          [
              T=float
          ]
C:\icy tower\icy tower\icy tower.cpp(905,13): warning C4244: 'initializing': conversion from 'unsigned int' to 'float', possible loss of data
C:\icy tower\icy tower\icy tower.cpp(1134,25): warning C4244: '+=': conversion from 'double' to 'T', possible loss of data
          with
          [
              T=float
          ]
C:\icy tower\icy tower\icy tower.cpp(1139,67): warning C4244: 'argument': conversion from 'unsigned int' to 'float', possible loss of data
C:\icy tower\icy tower\icy tower.cpp(1177,18): warning C4244: 'argument': conversion from 'int' to 'float', possible loss of data
C:\icy tower\icy tower\icy tower.cpp(1178,22): warning C4244: 'argument': conversion from 'int' to 'float', possible loss of data
C:\icy tower\icy tower\icy tower.cpp(1179,19): warning C4244: 'argument': conversion from 'int' to 'float', possible loss of data
C:\icy tower\icy tower\icy tower.cpp(1180,19): warning C4244: 'argument': conversion from 'int' to 'float', possible loss of data
C:\icy tower\icy tower\icy tower.cpp(1185,18): warning C4244: 'argument': conversion from 'int' to 'float', possible loss of data
C:\icy tower\icy tower\icy tower.cpp(1186,22): warning C4244: 'argument': conversion from 'int' to 'float', possible loss of data
C:\icy tower\icy tower\icy tower.cpp(1187,19): warning C4244: 'argument': conversion from 'int' to 'float', possible loss of data
C:\icy tower\icy tower\icy tower.cpp(1188,19): warning C4244: 'argument': conversion from 'int' to 'float', possible loss of data
C:\icy tower\icy tower\icy tower.cpp(1225,29): warning C4244: '=': conversion from 'int' to 'float', possible loss of data
C:\icy tower\icy tower\icy tower.cpp(1226,38): warning C4305: 'argument': truncation from 'double' to 'T'
          with
          [
              T=float
          ]
C:\icy tower\icy tower\icy tower.cpp(1253,71): warning C4244: 'argument': conversion from 'int' to 'T', possible loss of data
          with
          [
              T=float
          ]
C:\icy tower\icy tower\icy tower.cpp(1253,46): warning C4244: 'argument': conversion from 'int' to 'T', possible loss of data
          with
          [
              T=float
          ]
C:\icy tower\icy tower\icy tower.cpp(1254,72): warning C4244: 'argument': conversion from 'int' to 'T', possible loss of data
          with
          [
              T=float
          ]
C:\icy tower\icy tower\icy tower.cpp(1254,46): warning C4244: 'argument': conversion from 'double' to 'T', possible loss of data
          with
          [
              T=float
          ]
C:\icy tower\icy tower\icy tower.cpp(1255,72): warning C4244: 'argument': conversion from 'double' to 'T', possible loss of data
          with
          [
              T=float
          ]
C:\icy tower\icy tower\icy tower.cpp(1255,46): warning C4244: 'argument': conversion from 'double' to 'T', possible loss of data
          with
          [
              T=float
          ]
C:\icy tower\icy tower\icy tower.cpp(1256,58): warning C4244: 'argument': conversion from 'int' to 'float', possible loss of data
C:\icy tower\icy tower\icy tower.cpp(1256,38): warning C4244: 'argument': conversion from 'int' to 'float', possible loss of data
C:\icy tower\icy tower\icy tower.cpp(1257,67): warning C4244: 'argument': conversion from 'int' to 'T', possible loss of data
          with
          [
              T=float
          ]
C:\icy tower\icy tower\icy tower.cpp(1257,47): warning C4244: 'argument': conversion from 'int' to 'T', possible loss of data
          with
          [
              T=float
          ]
C:\icy tower\icy tower\icy tower.cpp(1258,67): warning C4244: 'argument': conversion from 'int' to 'T', possible loss of data
          with
          [
              T=float
          ]
C:\icy tower\icy tower\icy tower.cpp(1258,47): warning C4244: 'argument': conversion from 'int' to 'T', possible loss of data
          with
          [
              T=float
          ]
C:\icy tower\icy tower\icy tower.cpp(1281,94): warning C4244: 'argument': conversion from 'int' to 'float', possible loss of data
C:\icy tower\icy tower\icy tower.cpp(1281,69): warning C4244: 'argument': conversion from 'double' to 'float', possible loss of data
C:\icy tower\icy tower\icy tower.cpp(1448,76): warning C4244: 'argument': conversion from 'T' to 'float', possible loss of data
          with
          [
              T=unsigned int
          ]
C:\icy tower\icy tower\icy tower.cpp(1452,60): warning C4244: 'argument': conversion from 'T' to 'float', possible loss of data
          with
          [
              T=unsigned int
          ]
C:\icy tower\icy tower\icy tower.cpp(1452,36): warning C4244: 'argument': conversion from 'T' to 'float', possible loss of data
          with
          [
              T=unsigned int
          ]
C:\icy tower\icy tower\icy tower.cpp(241): warning C4715: 'leaderBoards': not all control paths return a value
  icy tower.vcxproj -> C:\icy tower\Debug\icy tower.exe
